\BOOKMARK [0][-]{chapter.1}{\376\377\0001\000\040\000J\000o\000b\000i\000f\000y\000\137\000A\000p\000p\000S\000e\000r\000v\000e\000r}{}% 1
\BOOKMARK [0][-]{chapter.2}{\376\377\0002\000\040\000H\000i\000e\000r\000a\000r\000c\000h\000i\000c\000a\000l\000\040\000I\000n\000d\000e\000x}{}% 2
\BOOKMARK [1][-]{section.2.1}{\376\377\0002\000.\0001\000\040\000C\000l\000a\000s\000s\000\040\000H\000i\000e\000r\000a\000r\000c\000h\000y}{chapter.2}% 3
\BOOKMARK [0][-]{chapter.3}{\376\377\0003\000\040\000C\000l\000a\000s\000s\000\040\000I\000n\000d\000e\000x}{}% 4
\BOOKMARK [1][-]{section.3.1}{\376\377\0003\000.\0001\000\040\000C\000l\000a\000s\000s\000\040\000L\000i\000s\000t}{chapter.3}% 5
\BOOKMARK [0][-]{chapter.4}{\376\377\0004\000\040\000C\000l\000a\000s\000s\000\040\000D\000o\000c\000u\000m\000e\000n\000t\000a\000t\000i\000o\000n}{}% 6
\BOOKMARK [1][-]{section.4.1}{\376\377\0004\000.\0001\000\040\000A\000c\000c\000o\000u\000n\000t\000s\000D\000B\000\040\000C\000l\000a\000s\000s\000\040\000R\000e\000f\000e\000r\000e\000n\000c\000e}{chapter.4}% 7
\BOOKMARK [1][-]{section.4.2}{\376\377\0004\000.\0002\000\040\000A\000p\000i\000E\000r\000r\000o\000r\000\040\000C\000l\000a\000s\000s\000\040\000R\000e\000f\000e\000r\000e\000n\000c\000e}{chapter.4}% 8
\BOOKMARK [1][-]{section.4.3}{\376\377\0004\000.\0003\000\040\000C\000h\000a\000t\000C\000o\000n\000t\000r\000o\000l\000l\000e\000r\000\040\000C\000l\000a\000s\000s\000\040\000R\000e\000f\000e\000r\000e\000n\000c\000e}{chapter.4}% 9
\BOOKMARK [1][-]{section.4.4}{\376\377\0004\000.\0004\000\040\000C\000h\000a\000t\000s\000D\000B\000\040\000C\000l\000a\000s\000s\000\040\000R\000e\000f\000e\000r\000e\000n\000c\000e}{chapter.4}% 10
\BOOKMARK [1][-]{section.4.5}{\376\377\0004\000.\0005\000\040\000C\000l\000i\000e\000n\000t\000S\000h\000a\000r\000e\000d\000S\000e\000r\000v\000e\000r\000\040\000C\000l\000a\000s\000s\000\040\000R\000e\000f\000e\000r\000e\000n\000c\000e}{chapter.4}% 11
\BOOKMARK [1][-]{section.4.6}{\376\377\0004\000.\0006\000\040\000D\000a\000t\000a\000b\000a\000s\000e\000M\000a\000n\000a\000g\000e\000r\000\040\000C\000l\000a\000s\000s\000\040\000R\000e\000f\000e\000r\000e\000n\000c\000e}{chapter.4}% 12
\BOOKMARK [1][-]{section.4.7}{\376\377\0004\000.\0007\000\040\000D\000B\000\040\000C\000l\000a\000s\000s\000\040\000R\000e\000f\000e\000r\000e\000n\000c\000e}{chapter.4}% 13
\BOOKMARK [1][-]{section.4.8}{\376\377\0004\000.\0008\000\040\000I\000m\000a\000g\000e\000s\000D\000B\000\040\000C\000l\000a\000s\000s\000\040\000R\000e\000f\000e\000r\000e\000n\000c\000e}{chapter.4}% 14
\BOOKMARK [1][-]{section.4.9}{\376\377\0004\000.\0009\000\040\000I\000n\000v\000a\000l\000i\000d\000U\000s\000e\000r\000n\000a\000m\000e\000P\000a\000s\000s\000w\000o\000r\000d\000E\000x\000c\000e\000p\000t\000i\000o\000n\000\040\000C\000l\000a\000s\000s\000\040\000R\000e\000f\000e\000r\000e\000n\000c\000e}{chapter.4}% 15
\BOOKMARK [1][-]{section.4.10}{\376\377\0004\000.\0001\0000\000\040\000J\000o\000b\000i\000f\000y\000S\000e\000r\000v\000e\000r\000\040\000C\000l\000a\000s\000s\000\040\000R\000e\000f\000e\000r\000e\000n\000c\000e}{chapter.4}% 16
\BOOKMARK [1][-]{section.4.11}{\376\377\0004\000.\0001\0001\000\040\000K\000e\000y\000A\000l\000r\000e\000a\000d\000y\000E\000x\000i\000s\000t\000s\000E\000x\000c\000e\000p\000t\000i\000o\000n\000\040\000C\000l\000a\000s\000s\000\040\000R\000e\000f\000e\000r\000e\000n\000c\000e}{chapter.4}% 17
\BOOKMARK [1][-]{section.4.12}{\376\377\0004\000.\0001\0002\000\040\000K\000e\000y\000D\000o\000e\000s\000n\000t\000E\000x\000i\000s\000t\000E\000x\000c\000e\000p\000t\000i\000o\000n\000\040\000C\000l\000a\000s\000s\000\040\000R\000e\000f\000e\000r\000e\000n\000c\000e}{chapter.4}% 18
\BOOKMARK [1][-]{section.4.13}{\376\377\0004\000.\0001\0003\000\040\000N\000o\000t\000i\000f\000i\000c\000a\000t\000i\000o\000n\000S\000e\000n\000d\000e\000r\000\040\000C\000l\000a\000s\000s\000\040\000R\000e\000f\000e\000r\000e\000n\000c\000e}{chapter.4}% 19
\BOOKMARK [1][-]{section.4.14}{\376\377\0004\000.\0001\0004\000\040\000P\000r\000o\000f\000i\000l\000e\000C\000o\000n\000t\000r\000o\000l\000l\000e\000r\000\040\000C\000l\000a\000s\000s\000\040\000R\000e\000f\000e\000r\000e\000n\000c\000e}{chapter.4}% 20
\BOOKMARK [1][-]{section.4.15}{\376\377\0004\000.\0001\0005\000\040\000S\000e\000s\000s\000i\000o\000n\000M\000a\000n\000a\000g\000e\000r\000\040\000C\000l\000a\000s\000s\000\040\000R\000e\000f\000e\000r\000e\000n\000c\000e}{chapter.4}% 21
\BOOKMARK [1][-]{section.4.16}{\376\377\0004\000.\0001\0006\000\040\000S\000e\000s\000s\000i\000o\000n\000s\000D\000B\000\040\000C\000l\000a\000s\000s\000\040\000R\000e\000f\000e\000r\000e\000n\000c\000e}{chapter.4}% 22
\BOOKMARK [1][-]{section.4.17}{\376\377\0004\000.\0001\0007\000\040\000S\000h\000a\000r\000e\000d\000S\000e\000r\000v\000e\000r\000C\000o\000n\000t\000r\000o\000l\000l\000e\000r\000\040\000C\000l\000a\000s\000s\000\040\000R\000e\000f\000e\000r\000e\000n\000c\000e}{chapter.4}% 23
\BOOKMARK [1][-]{section.4.18}{\376\377\0004\000.\0001\0008\000\040\000T\000o\000k\000e\000n\000I\000n\000v\000a\000l\000i\000d\000E\000x\000c\000e\000p\000t\000i\000o\000n\000\040\000C\000l\000a\000s\000s\000\040\000R\000e\000f\000e\000r\000e\000n\000c\000e}{chapter.4}% 24
\BOOKMARK [1][-]{section.4.19}{\376\377\0004\000.\0001\0009\000\040\000U\000s\000e\000r\000s\000D\000B\000\040\000C\000l\000a\000s\000s\000\040\000R\000e\000f\000e\000r\000e\000n\000c\000e}{chapter.4}% 25
