This is pdfTeX, Version 3.14159265-2.6-1.40.16 (TeX Live 2015/Debian) (preloaded format=pdflatex 2016.10.29)  7 DEC 2016 12:22
entering extended mode
 restricted \write18 enabled.
 %&-line parsing enabled.
**refman
(./refman.tex
LaTeX2e <2016/02/01>
Babel <3.9q> and hyphenation patterns for 8 language(s) loaded.
(/usr/share/texlive/texmf-dist/tex/latex/base/book.cls
Document Class: book 2014/09/29 v1.4h Standard LaTeX document class
(/usr/share/texlive/texmf-dist/tex/latex/base/bk10.clo
File: bk10.clo 2014/09/29 v1.4h Standard LaTeX file (size option)
)
\c@part=\count79
\c@chapter=\count80
\c@section=\count81
\c@subsection=\count82
\c@subsubsection=\count83
\c@paragraph=\count84
\c@subparagraph=\count85
\c@figure=\count86
\c@table=\count87
\abovecaptionskip=\skip41
\belowcaptionskip=\skip42
\bibindent=\dimen102
)
(/usr/share/texlive/texmf-dist/tex/latex/base/fixltx2e.sty
Package: fixltx2e 2015/06/22 v2.0b fixes to LaTeX (obsolete)


Package fixltx2e Warning: fixltx2e is not required with releases after 2015
(fixltx2e)                All fixes are now in the LaTeX kernel.
(fixltx2e)                See the latexrelease package for details.

) (/usr/share/texlive/texmf-dist/tex/latex/tools/calc.sty
Package: calc 2014/10/28 v4.3 Infix arithmetic (KKT,FJ)
\calc@Acount=\count88
\calc@Bcount=\count89
\calc@Adimen=\dimen103
\calc@Bdimen=\dimen104
\calc@Askip=\skip43
\calc@Bskip=\skip44
LaTeX Info: Redefining \setlength on input line 80.
LaTeX Info: Redefining \addtolength on input line 81.
\calc@Ccount=\count90
\calc@Cskip=\skip45
) (./doxygen.sty
Package: doxygen 

(/usr/share/texlive/texmf-dist/tex/latex/base/alltt.sty
Package: alltt 1997/06/16 v2.0g defines alltt environment
)
(/usr/share/texlive/texmf-dist/tex/latex/tools/array.sty
Package: array 2014/10/28 v2.4c Tabular extension package (FMi)
\col@sep=\dimen105
\extrarowheight=\dimen106
\NC@list=\toks14
\extratabsurround=\skip46
\backup@length=\skip47
)
(/usr/share/texlive/texmf-dist/tex/latex/float/float.sty
Package: float 2001/11/08 v1.3d Float enhancements (AL)
\c@float@type=\count91
\float@exts=\toks15
\float@box=\box26
\@float@everytoks=\toks16
\@floatcapt=\box27
)
(/usr/share/texlive/texmf-dist/tex/latex/base/ifthen.sty
Package: ifthen 2014/09/29 v1.1c Standard LaTeX ifthen package (DPC)
)
(/usr/share/texlive/texmf-dist/tex/latex/tools/verbatim.sty
Package: verbatim 2014/10/28 v1.5q LaTeX2e package for verbatim enhancements
\every@verbatim=\toks17
\verbatim@line=\toks18
\verbatim@in@stream=\read1
)
(/usr/share/texlive/texmf-dist/tex/latex/xcolor/xcolor.sty
Package: xcolor 2007/01/21 v2.11 LaTeX color extensions (UK)

(/usr/share/texlive/texmf-dist/tex/latex/latexconfig/color.cfg
File: color.cfg 2007/01/18 v1.5 color configuration of teTeX/TeXLive
)
Package xcolor Info: Driver file: pdftex.def on input line 225.

(/usr/share/texlive/texmf-dist/tex/latex/pdftex-def/pdftex.def
File: pdftex.def 2011/05/27 v0.06d Graphics/color for pdfTeX

(/usr/share/texlive/texmf-dist/tex/generic/oberdiek/infwarerr.sty
Package: infwarerr 2010/04/08 v1.3 Providing info/warning/error messages (HO)
)
(/usr/share/texlive/texmf-dist/tex/generic/oberdiek/ltxcmds.sty
Package: ltxcmds 2011/11/09 v1.22 LaTeX kernel commands for general use (HO)
)
\Gread@gobject=\count92
)
(/usr/share/texlive/texmf-dist/tex/latex/colortbl/colortbl.sty
Package: colortbl 2012/02/13 v1.0a Color table columns (DPC)
\everycr=\toks19
\minrowclearance=\skip48
)
\rownum=\count93
Package xcolor Info: Model `cmy' substituted by `cmy0' on input line 1337.
Package xcolor Info: Model `hsb' substituted by `rgb' on input line 1341.
Package xcolor Info: Model `RGB' extended on input line 1353.
Package xcolor Info: Model `HTML' substituted by `rgb' on input line 1355.
Package xcolor Info: Model `Hsb' substituted by `hsb' on input line 1356.
Package xcolor Info: Model `tHsb' substituted by `hsb' on input line 1357.
Package xcolor Info: Model `HSB' substituted by `hsb' on input line 1358.
Package xcolor Info: Model `Gray' substituted by `gray' on input line 1359.
Package xcolor Info: Model `wave' substituted by `hsb' on input line 1360.
)
(/usr/share/texlive/texmf-dist/tex/latex/tools/longtable.sty
Package: longtable 2014/10/28 v4.11 Multi-page Table package (DPC)
\LTleft=\skip49
\LTright=\skip50
\LTpre=\skip51
\LTpost=\skip52
\LTchunksize=\count94
\LTcapwidth=\dimen107
\LT@head=\box28
\LT@firsthead=\box29
\LT@foot=\box30
\LT@lastfoot=\box31
\LT@cols=\count95
\LT@rows=\count96
\c@LT@tables=\count97
\c@LT@chunks=\count98
\LT@p@ftn=\toks20
)

! LaTeX Error: File `tabu.sty' not found.

Type X to quit or <RETURN> to proceed,
or enter new name. (Default extension: sty)

Enter file name: 
(/usr/share/texlive/texmf-dist/tex/latex/tools/tabularx.sty
Package: tabularx 2014/10/28 v2.10 `tabularx' package (DPC)
\TX@col@width=\dimen108
\TX@old@table=\dimen109
\TX@old@col=\dimen110
\TX@target=\dimen111
\TX@delta=\dimen112
\TX@cols=\count99
\TX@ftn=\toks21
)

! LaTeX Error: File `multirow.sty' not found.

Type X to quit or <RETURN> to proceed,
or enter new name. (Default extension: sty)

Enter file name: 
\xrefbox=\box32
\xreflength=\skip53
)

! LaTeX Error: File `adjustbox.sty' not found.

Type X to quit or <RETURN> to proceed,
or enter new name. (Default extension: sty)

Enter file name: 

! LaTeX Error: Unknown option `export' for package `adjustbox'.

See the LaTeX manual or LaTeX Companion for explanation.
Type  H <return>  for immediate help.
 ...                                              
                                                  
l.8 \usepackage
               {graphicx}
? 
(/usr/share/texlive/texmf-dist/tex/latex/graphics/graphicx.sty
Package: graphicx 2014/10/28 v1.0g Enhanced LaTeX Graphics (DPC,SPQR)

(/usr/share/texlive/texmf-dist/tex/latex/graphics/keyval.sty
Package: keyval 2014/10/28 v1.15 key=value parser (DPC)
\KV@toks@=\toks22
)
(/usr/share/texlive/texmf-dist/tex/latex/graphics/graphics.sty
Package: graphics 2016/01/03 v1.0q Standard LaTeX Graphics (DPC,SPQR)

(/usr/share/texlive/texmf-dist/tex/latex/graphics/trig.sty
Package: trig 2016/01/03 v1.10 sin cos tan (DPC)
)
(/usr/share/texlive/texmf-dist/tex/latex/latexconfig/graphics.cfg
File: graphics.cfg 2010/04/23 v1.9 graphics configuration of TeX Live
)
Package graphics Info: Driver file: pdftex.def on input line 95.
)
\Gin@req@height=\dimen113
\Gin@req@width=\dimen114
)
(/usr/share/texlive/texmf-dist/tex/latex/base/inputenc.sty
Package: inputenc 2015/03/17 v1.2c Input encoding file
\inpenc@prehook=\toks23
\inpenc@posthook=\toks24

(/usr/share/texlive/texmf-dist/tex/latex/base/utf8.def
File: utf8.def 2015/12/03 v1.1r UTF-8 support for inputenc
Now handling font encoding OML ...
... no UTF-8 mapping file for font encoding OML
Now handling font encoding T1 ...
... processing UTF-8 mapping file for font encoding T1

(/usr/share/texlive/texmf-dist/tex/latex/base/t1enc.dfu
File: t1enc.dfu 2015/12/03 v1.1r UTF-8 support for inputenc
   defining Unicode char U+00A0 (decimal 160)
   defining Unicode char U+00A1 (decimal 161)
   defining Unicode char U+00A3 (decimal 163)
   defining Unicode char U+00AB (decimal 171)
   defining Unicode char U+00AD (decimal 173)
   defining Unicode char U+00BB (decimal 187)
   defining Unicode char U+00BF (decimal 191)
   defining Unicode char U+00C0 (decimal 192)
   defining Unicode char U+00C1 (decimal 193)
   defining Unicode char U+00C2 (decimal 194)
   defining Unicode char U+00C3 (decimal 195)
   defining Unicode char U+00C4 (decimal 196)
   defining Unicode char U+00C5 (decimal 197)
   defining Unicode char U+00C6 (decimal 198)
   defining Unicode char U+00C7 (decimal 199)
   defining Unicode char U+00C8 (decimal 200)
   defining Unicode char U+00C9 (decimal 201)
   defining Unicode char U+00CA (decimal 202)
   defining Unicode char U+00CB (decimal 203)
   defining Unicode char U+00CC (decimal 204)
   defining Unicode char U+00CD (decimal 205)
   defining Unicode char U+00CE (decimal 206)
   defining Unicode char U+00CF (decimal 207)
   defining Unicode char U+00D0 (decimal 208)
   defining Unicode char U+00D1 (decimal 209)
   defining Unicode char U+00D2 (decimal 210)
   defining Unicode char U+00D3 (decimal 211)
   defining Unicode char U+00D4 (decimal 212)
   defining Unicode char U+00D5 (decimal 213)
   defining Unicode char U+00D6 (decimal 214)
   defining Unicode char U+00D8 (decimal 216)
   defining Unicode char U+00D9 (decimal 217)
   defining Unicode char U+00DA (decimal 218)
   defining Unicode char U+00DB (decimal 219)
   defining Unicode char U+00DC (decimal 220)
   defining Unicode char U+00DD (decimal 221)
   defining Unicode char U+00DE (decimal 222)
   defining Unicode char U+00DF (decimal 223)
   defining Unicode char U+00E0 (decimal 224)
   defining Unicode char U+00E1 (decimal 225)
   defining Unicode char U+00E2 (decimal 226)
   defining Unicode char U+00E3 (decimal 227)
   defining Unicode char U+00E4 (decimal 228)
   defining Unicode char U+00E5 (decimal 229)
   defining Unicode char U+00E6 (decimal 230)
   defining Unicode char U+00E7 (decimal 231)
   defining Unicode char U+00E8 (decimal 232)
   defining Unicode char U+00E9 (decimal 233)
   defining Unicode char U+00EA (decimal 234)
   defining Unicode char U+00EB (decimal 235)
   defining Unicode char U+00EC (decimal 236)
   defining Unicode char U+00ED (decimal 237)
   defining Unicode char U+00EE (decimal 238)
   defining Unicode char U+00EF (decimal 239)
   defining Unicode char U+00F0 (decimal 240)
   defining Unicode char U+00F1 (decimal 241)
   defining Unicode char U+00F2 (decimal 242)
   defining Unicode char U+00F3 (decimal 243)
   defining Unicode char U+00F4 (decimal 244)
   defining Unicode char U+00F5 (decimal 245)
   defining Unicode char U+00F6 (decimal 246)
   defining Unicode char U+00F8 (decimal 248)
   defining Unicode char U+00F9 (decimal 249)
   defining Unicode char U+00FA (decimal 250)
   defining Unicode char U+00FB (decimal 251)
   defining Unicode char U+00FC (decimal 252)
   defining Unicode char U+00FD (decimal 253)
   defining Unicode char U+00FE (decimal 254)
   defining Unicode char U+00FF (decimal 255)
   defining Unicode char U+0100 (decimal 256)
   defining Unicode char U+0101 (decimal 257)
   defining Unicode char U+0102 (decimal 258)
   defining Unicode char U+0103 (decimal 259)
   defining Unicode char U+0104 (decimal 260)
   defining Unicode char U+0105 (decimal 261)
   defining Unicode char U+0106 (decimal 262)
   defining Unicode char U+0107 (decimal 263)
   defining Unicode char U+0108 (decimal 264)
   defining Unicode char U+0109 (decimal 265)
   defining Unicode char U+010A (decimal 266)
   defining Unicode char U+010B (decimal 267)
   defining Unicode char U+010C (decimal 268)
   defining Unicode char U+010D (decimal 269)
   defining Unicode char U+010E (decimal 270)
   defining Unicode char U+010F (decimal 271)
   defining Unicode char U+0110 (decimal 272)
   defining Unicode char U+0111 (decimal 273)
   defining Unicode char U+0112 (decimal 274)
   defining Unicode char U+0113 (decimal 275)
   defining Unicode char U+0114 (decimal 276)
   defining Unicode char U+0115 (decimal 277)
   defining Unicode char U+0116 (decimal 278)
   defining Unicode char U+0117 (decimal 279)
   defining Unicode char U+0118 (decimal 280)
   defining Unicode char U+0119 (decimal 281)
   defining Unicode char U+011A (decimal 282)
   defining Unicode char U+011B (decimal 283)
   defining Unicode char U+011C (decimal 284)
   defining Unicode char U+011D (decimal 285)
   defining Unicode char U+011E (decimal 286)
   defining Unicode char U+011F (decimal 287)
   defining Unicode char U+0120 (decimal 288)
   defining Unicode char U+0121 (decimal 289)
   defining Unicode char U+0122 (decimal 290)
   defining Unicode char U+0123 (decimal 291)
   defining Unicode char U+0124 (decimal 292)
   defining Unicode char U+0125 (decimal 293)
   defining Unicode char U+0128 (decimal 296)
   defining Unicode char U+0129 (decimal 297)
   defining Unicode char U+012A (decimal 298)
   defining Unicode char U+012B (decimal 299)
   defining Unicode char U+012C (decimal 300)
   defining Unicode char U+012D (decimal 301)
   defining Unicode char U+012E (decimal 302)
   defining Unicode char U+012F (decimal 303)
   defining Unicode char U+0130 (decimal 304)
   defining Unicode char U+0131 (decimal 305)
   defining Unicode char U+0132 (decimal 306)
   defining Unicode char U+0133 (decimal 307)
   defining Unicode char U+0134 (decimal 308)
   defining Unicode char U+0135 (decimal 309)
   defining Unicode char U+0136 (decimal 310)
   defining Unicode char U+0137 (decimal 311)
   defining Unicode char U+0139 (decimal 313)
   defining Unicode char U+013A (decimal 314)
   defining Unicode char U+013B (decimal 315)
   defining Unicode char U+013C (decimal 316)
   defining Unicode char U+013D (decimal 317)
   defining Unicode char U+013E (decimal 318)
   defining Unicode char U+0141 (decimal 321)
   defining Unicode char U+0142 (decimal 322)
   defining Unicode char U+0143 (decimal 323)
   defining Unicode char U+0144 (decimal 324)
   defining Unicode char U+0145 (decimal 325)
   defining Unicode char U+0146 (decimal 326)
   defining Unicode char U+0147 (decimal 327)
   defining Unicode char U+0148 (decimal 328)
   defining Unicode char U+014A (decimal 330)
   defining Unicode char U+014B (decimal 331)
   defining Unicode char U+014C (decimal 332)
   defining Unicode char U+014D (decimal 333)
   defining Unicode char U+014E (decimal 334)
   defining Unicode char U+014F (decimal 335)
   defining Unicode char U+0150 (decimal 336)
   defining Unicode char U+0151 (decimal 337)
   defining Unicode char U+0152 (decimal 338)
   defining Unicode char U+0153 (decimal 339)
   defining Unicode char U+0154 (decimal 340)
   defining Unicode char U+0155 (decimal 341)
   defining Unicode char U+0156 (decimal 342)
   defining Unicode char U+0157 (decimal 343)
   defining Unicode char U+0158 (decimal 344)
   defining Unicode char U+0159 (decimal 345)
   defining Unicode char U+015A (decimal 346)
   defining Unicode char U+015B (decimal 347)
   defining Unicode char U+015C (decimal 348)
   defining Unicode char U+015D (decimal 349)
   defining Unicode char U+015E (decimal 350)
   defining Unicode char U+015F (decimal 351)
   defining Unicode char U+0160 (decimal 352)
   defining Unicode char U+0161 (decimal 353)
   defining Unicode char U+0162 (decimal 354)
   defining Unicode char U+0163 (decimal 355)
   defining Unicode char U+0164 (decimal 356)
   defining Unicode char U+0165 (decimal 357)
   defining Unicode char U+0168 (decimal 360)
   defining Unicode char U+0169 (decimal 361)
   defining Unicode char U+016A (decimal 362)
   defining Unicode char U+016B (decimal 363)
   defining Unicode char U+016C (decimal 364)
   defining Unicode char U+016D (decimal 365)
   defining Unicode char U+016E (decimal 366)
   defining Unicode char U+016F (decimal 367)
   defining Unicode char U+0170 (decimal 368)
   defining Unicode char U+0171 (decimal 369)
   defining Unicode char U+0172 (decimal 370)
   defining Unicode char U+0173 (decimal 371)
   defining Unicode char U+0174 (decimal 372)
   defining Unicode char U+0175 (decimal 373)
   defining Unicode char U+0176 (decimal 374)
   defining Unicode char U+0177 (decimal 375)
   defining Unicode char U+0178 (decimal 376)
   defining Unicode char U+0179 (decimal 377)
   defining Unicode char U+017A (decimal 378)
   defining Unicode char U+017B (decimal 379)
   defining Unicode char U+017C (decimal 380)
   defining Unicode char U+017D (decimal 381)
   defining Unicode char U+017E (decimal 382)
   defining Unicode char U+01CD (decimal 461)
   defining Unicode char U+01CE (decimal 462)
   defining Unicode char U+01CF (decimal 463)
   defining Unicode char U+01D0 (decimal 464)
   defining Unicode char U+01D1 (decimal 465)
   defining Unicode char U+01D2 (decimal 466)
   defining Unicode char U+01D3 (decimal 467)
   defining Unicode char U+01D4 (decimal 468)
   defining Unicode char U+01E2 (decimal 482)
   defining Unicode char U+01E3 (decimal 483)
   defining Unicode char U+01E6 (decimal 486)
   defining Unicode char U+01E7 (decimal 487)
   defining Unicode char U+01E8 (decimal 488)
   defining Unicode char U+01E9 (decimal 489)
   defining Unicode char U+01EA (decimal 490)
   defining Unicode char U+01EB (decimal 491)
   defining Unicode char U+01F0 (decimal 496)
   defining Unicode char U+01F4 (decimal 500)
   defining Unicode char U+01F5 (decimal 501)
   defining Unicode char U+0218 (decimal 536)
   defining Unicode char U+0219 (decimal 537)
   defining Unicode char U+021A (decimal 538)
   defining Unicode char U+021B (decimal 539)
   defining Unicode char U+01E02 (decimal 7682)
   defining Unicode char U+01E03 (decimal 7683)
   defining Unicode char U+200C (decimal 8204)
   defining Unicode char U+2013 (decimal 8211)
   defining Unicode char U+2014 (decimal 8212)
   defining Unicode char U+2018 (decimal 8216)
   defining Unicode char U+2019 (decimal 8217)
   defining Unicode char U+201A (decimal 8218)
   defining Unicode char U+201C (decimal 8220)
   defining Unicode char U+201D (decimal 8221)
   defining Unicode char U+201E (decimal 8222)
   defining Unicode char U+2030 (decimal 8240)
   defining Unicode char U+2031 (decimal 8241)
   defining Unicode char U+2039 (decimal 8249)
   defining Unicode char U+203A (decimal 8250)
   defining Unicode char U+2423 (decimal 9251)
)
Now handling font encoding OT1 ...
... processing UTF-8 mapping file for font encoding OT1

(/usr/share/texlive/texmf-dist/tex/latex/base/ot1enc.dfu
File: ot1enc.dfu 2015/12/03 v1.1r UTF-8 support for inputenc
   defining Unicode char U+00A0 (decimal 160)
   defining Unicode char U+00A1 (decimal 161)
   defining Unicode char U+00A3 (decimal 163)
   defining Unicode char U+00AD (decimal 173)
   defining Unicode char U+00B8 (decimal 184)
   defining Unicode char U+00BF (decimal 191)
   defining Unicode char U+00C5 (decimal 197)
   defining Unicode char U+00C6 (decimal 198)
   defining Unicode char U+00D8 (decimal 216)
   defining Unicode char U+00DF (decimal 223)
   defining Unicode char U+00E6 (decimal 230)
   defining Unicode char U+00EC (decimal 236)
   defining Unicode char U+00ED (decimal 237)
   defining Unicode char U+00EE (decimal 238)
   defining Unicode char U+00EF (decimal 239)
   defining Unicode char U+00F8 (decimal 248)
   defining Unicode char U+0131 (decimal 305)
   defining Unicode char U+0141 (decimal 321)
   defining Unicode char U+0142 (decimal 322)
   defining Unicode char U+0152 (decimal 338)
   defining Unicode char U+0153 (decimal 339)
   defining Unicode char U+0174 (decimal 372)
   defining Unicode char U+0175 (decimal 373)
   defining Unicode char U+0176 (decimal 374)
   defining Unicode char U+0177 (decimal 375)
   defining Unicode char U+0218 (decimal 536)
   defining Unicode char U+0219 (decimal 537)
   defining Unicode char U+021A (decimal 538)
   defining Unicode char U+021B (decimal 539)
   defining Unicode char U+2013 (decimal 8211)
   defining Unicode char U+2014 (decimal 8212)
   defining Unicode char U+2018 (decimal 8216)
   defining Unicode char U+2019 (decimal 8217)
   defining Unicode char U+201C (decimal 8220)
   defining Unicode char U+201D (decimal 8221)
)
Now handling font encoding OMS ...
... processing UTF-8 mapping file for font encoding OMS

(/usr/share/texlive/texmf-dist/tex/latex/base/omsenc.dfu
File: omsenc.dfu 2015/12/03 v1.1r UTF-8 support for inputenc
   defining Unicode char U+00A7 (decimal 167)
   defining Unicode char U+00B6 (decimal 182)
   defining Unicode char U+00B7 (decimal 183)
   defining Unicode char U+2020 (decimal 8224)
   defining Unicode char U+2021 (decimal 8225)
   defining Unicode char U+2022 (decimal 8226)
)
Now handling font encoding OMX ...
... no UTF-8 mapping file for font encoding OMX
Now handling font encoding U ...
... no UTF-8 mapping file for font encoding U
   defining Unicode char U+00A9 (decimal 169)
   defining Unicode char U+00AA (decimal 170)
   defining Unicode char U+00AE (decimal 174)
   defining Unicode char U+00BA (decimal 186)
   defining Unicode char U+02C6 (decimal 710)
   defining Unicode char U+02DC (decimal 732)
   defining Unicode char U+200C (decimal 8204)
   defining Unicode char U+2026 (decimal 8230)
   defining Unicode char U+2122 (decimal 8482)
   defining Unicode char U+2423 (decimal 9251)
))
(/usr/share/texlive/texmf-dist/tex/latex/base/makeidx.sty
Package: makeidx 2014/09/29 v1.0m Standard LaTeX package
)
(/usr/share/texlive/texmf-dist/tex/latex/tools/multicol.sty
Package: multicol 2015/08/19 v1.8n multicolumn formatting (FMi)
\c@tracingmulticols=\count100
\mult@box=\box33
\multicol@leftmargin=\dimen115
\c@unbalance=\count101
\c@collectmore=\count102
\doublecol@number=\count103
\multicoltolerance=\count104
\multicolpretolerance=\count105
\full@width=\dimen116
\page@free=\dimen117
\premulticols=\dimen118
\postmulticols=\dimen119
\multicolsep=\skip54
\multicolbaselineskip=\skip55
\partial@page=\box34
\last@line=\box35
\maxbalancingoverflow=\dimen120
\mult@rightbox=\box36
\mult@grightbox=\box37
\mult@gfirstbox=\box38
\mult@firstbox=\box39
\@tempa=\box40
\@tempa=\box41
\@tempa=\box42
\@tempa=\box43
\@tempa=\box44
\@tempa=\box45
\@tempa=\box46
\@tempa=\box47
\@tempa=\box48
\@tempa=\box49
\@tempa=\box50
\@tempa=\box51
\@tempa=\box52
\@tempa=\box53
\@tempa=\box54
\@tempa=\box55
\@tempa=\box56
\c@columnbadness=\count106
\c@finalcolumnbadness=\count107
\last@try=\dimen121
\multicolovershoot=\dimen122
\multicolundershoot=\dimen123
\mult@nat@firstbox=\box57
\colbreak@box=\box58
\mc@col@check@num=\count108
)
(/usr/share/texlive/texmf-dist/tex/latex/base/textcomp.sty
Package: textcomp 2005/09/27 v1.99g Standard LaTeX package
Package textcomp Info: Sub-encoding information:
(textcomp)               5 = only ISO-Adobe without \textcurrency
(textcomp)               4 = 5 + \texteuro
(textcomp)               3 = 4 + \textohm
(textcomp)               2 = 3 + \textestimated + \textcurrency
(textcomp)               1 = TS1 - \textcircled - \t
(textcomp)               0 = TS1 (full)
(textcomp)             Font families with sub-encoding setting implement
(textcomp)             only a restricted character set as indicated.
(textcomp)             Family '?' is the default used for unknown fonts.
(textcomp)             See the documentation for details.
Package textcomp Info: Setting ? sub-encoding to TS1/1 on input line 79.

(/usr/share/texlive/texmf-dist/tex/latex/base/ts1enc.def
File: ts1enc.def 2001/06/05 v3.0e (jk/car/fm) Standard LaTeX file
Now handling font encoding TS1 ...
... processing UTF-8 mapping file for font encoding TS1

(/usr/share/texlive/texmf-dist/tex/latex/base/ts1enc.dfu
File: ts1enc.dfu 2015/12/03 v1.1r UTF-8 support for inputenc
   defining Unicode char U+00A2 (decimal 162)
   defining Unicode char U+00A3 (decimal 163)
   defining Unicode char U+00A4 (decimal 164)
   defining Unicode char U+00A5 (decimal 165)
   defining Unicode char U+00A6 (decimal 166)
   defining Unicode char U+00A7 (decimal 167)
   defining Unicode char U+00A8 (decimal 168)
   defining Unicode char U+00A9 (decimal 169)
   defining Unicode char U+00AA (decimal 170)
   defining Unicode char U+00AC (decimal 172)
   defining Unicode char U+00AE (decimal 174)
   defining Unicode char U+00AF (decimal 175)
   defining Unicode char U+00B0 (decimal 176)
   defining Unicode char U+00B1 (decimal 177)
   defining Unicode char U+00B2 (decimal 178)
   defining Unicode char U+00B3 (decimal 179)
   defining Unicode char U+00B4 (decimal 180)
   defining Unicode char U+00B5 (decimal 181)
   defining Unicode char U+00B6 (decimal 182)
   defining Unicode char U+00B7 (decimal 183)
   defining Unicode char U+00B9 (decimal 185)
   defining Unicode char U+00BA (decimal 186)
   defining Unicode char U+00BC (decimal 188)
   defining Unicode char U+00BD (decimal 189)
   defining Unicode char U+00BE (decimal 190)
   defining Unicode char U+00D7 (decimal 215)
   defining Unicode char U+00F7 (decimal 247)
   defining Unicode char U+0192 (decimal 402)
   defining Unicode char U+02C7 (decimal 711)
   defining Unicode char U+02D8 (decimal 728)
   defining Unicode char U+02DD (decimal 733)
   defining Unicode char U+0E3F (decimal 3647)
   defining Unicode char U+2016 (decimal 8214)
   defining Unicode char U+2020 (decimal 8224)
   defining Unicode char U+2021 (decimal 8225)
   defining Unicode char U+2022 (decimal 8226)
   defining Unicode char U+2030 (decimal 8240)
   defining Unicode char U+2031 (decimal 8241)
   defining Unicode char U+203B (decimal 8251)
   defining Unicode char U+203D (decimal 8253)
   defining Unicode char U+2044 (decimal 8260)
   defining Unicode char U+204E (decimal 8270)
   defining Unicode char U+2052 (decimal 8274)
   defining Unicode char U+20A1 (decimal 8353)
   defining Unicode char U+20A4 (decimal 8356)
   defining Unicode char U+20A6 (decimal 8358)
   defining Unicode char U+20A9 (decimal 8361)
   defining Unicode char U+20AB (decimal 8363)
   defining Unicode char U+20AC (decimal 8364)
   defining Unicode char U+20B1 (decimal 8369)
   defining Unicode char U+2103 (decimal 8451)
   defining Unicode char U+2116 (decimal 8470)
   defining Unicode char U+2117 (decimal 8471)
   defining Unicode char U+211E (decimal 8478)
   defining Unicode char U+2120 (decimal 8480)
   defining Unicode char U+2122 (decimal 8482)
   defining Unicode char U+2126 (decimal 8486)
   defining Unicode char U+2127 (decimal 8487)
   defining Unicode char U+212E (decimal 8494)
   defining Unicode char U+2190 (decimal 8592)
   defining Unicode char U+2191 (decimal 8593)
   defining Unicode char U+2192 (decimal 8594)
   defining Unicode char U+2193 (decimal 8595)
   defining Unicode char U+2329 (decimal 9001)
   defining Unicode char U+232A (decimal 9002)
   defining Unicode char U+2422 (decimal 9250)
   defining Unicode char U+25E6 (decimal 9702)
   defining Unicode char U+25EF (decimal 9711)
   defining Unicode char U+266A (decimal 9834)
))
LaTeX Info: Redefining \oldstylenums on input line 334.
Package textcomp Info: Setting cmr sub-encoding to TS1/0 on input line 349.
Package textcomp Info: Setting cmss sub-encoding to TS1/0 on input line 350.
Package textcomp Info: Setting cmtt sub-encoding to TS1/0 on input line 351.
Package textcomp Info: Setting cmvtt sub-encoding to TS1/0 on input line 352.
Package textcomp Info: Setting cmbr sub-encoding to TS1/0 on input line 353.
Package textcomp Info: Setting cmtl sub-encoding to TS1/0 on input line 354.
Package textcomp Info: Setting ccr sub-encoding to TS1/0 on input line 355.
Package textcomp Info: Setting ptm sub-encoding to TS1/4 on input line 356.
Package textcomp Info: Setting pcr sub-encoding to TS1/4 on input line 357.
Package textcomp Info: Setting phv sub-encoding to TS1/4 on input line 358.
Package textcomp Info: Setting ppl sub-encoding to TS1/3 on input line 359.
Package textcomp Info: Setting pag sub-encoding to TS1/4 on input line 360.
Package textcomp Info: Setting pbk sub-encoding to TS1/4 on input line 361.
Package textcomp Info: Setting pnc sub-encoding to TS1/4 on input line 362.
Package textcomp Info: Setting pzc sub-encoding to TS1/4 on input line 363.
Package textcomp Info: Setting bch sub-encoding to TS1/4 on input line 364.
Package textcomp Info: Setting put sub-encoding to TS1/5 on input line 365.
Package textcomp Info: Setting uag sub-encoding to TS1/5 on input line 366.
Package textcomp Info: Setting ugq sub-encoding to TS1/5 on input line 367.
Package textcomp Info: Setting ul8 sub-encoding to TS1/4 on input line 368.
Package textcomp Info: Setting ul9 sub-encoding to TS1/4 on input line 369.
Package textcomp Info: Setting augie sub-encoding to TS1/5 on input line 370.
Package textcomp Info: Setting dayrom sub-encoding to TS1/3 on input line 371.
Package textcomp Info: Setting dayroms sub-encoding to TS1/3 on input line 372.

Package textcomp Info: Setting pxr sub-encoding to TS1/0 on input line 373.
Package textcomp Info: Setting pxss sub-encoding to TS1/0 on input line 374.
Package textcomp Info: Setting pxtt sub-encoding to TS1/0 on input line 375.
Package textcomp Info: Setting txr sub-encoding to TS1/0 on input line 376.
Package textcomp Info: Setting txss sub-encoding to TS1/0 on input line 377.
Package textcomp Info: Setting txtt sub-encoding to TS1/0 on input line 378.
Package textcomp Info: Setting lmr sub-encoding to TS1/0 on input line 379.
Package textcomp Info: Setting lmdh sub-encoding to TS1/0 on input line 380.
Package textcomp Info: Setting lmss sub-encoding to TS1/0 on input line 381.
Package textcomp Info: Setting lmssq sub-encoding to TS1/0 on input line 382.
Package textcomp Info: Setting lmvtt sub-encoding to TS1/0 on input line 383.
Package textcomp Info: Setting lmtt sub-encoding to TS1/0 on input line 384.
Package textcomp Info: Setting qhv sub-encoding to TS1/0 on input line 385.
Package textcomp Info: Setting qag sub-encoding to TS1/0 on input line 386.
Package textcomp Info: Setting qbk sub-encoding to TS1/0 on input line 387.
Package textcomp Info: Setting qcr sub-encoding to TS1/0 on input line 388.
Package textcomp Info: Setting qcs sub-encoding to TS1/0 on input line 389.
Package textcomp Info: Setting qpl sub-encoding to TS1/0 on input line 390.
Package textcomp Info: Setting qtm sub-encoding to TS1/0 on input line 391.
Package textcomp Info: Setting qzc sub-encoding to TS1/0 on input line 392.
Package textcomp Info: Setting qhvc sub-encoding to TS1/0 on input line 393.
Package textcomp Info: Setting futs sub-encoding to TS1/4 on input line 394.
Package textcomp Info: Setting futx sub-encoding to TS1/4 on input line 395.
Package textcomp Info: Setting futj sub-encoding to TS1/4 on input line 396.
Package textcomp Info: Setting hlh sub-encoding to TS1/3 on input line 397.
Package textcomp Info: Setting hls sub-encoding to TS1/3 on input line 398.
Package textcomp Info: Setting hlst sub-encoding to TS1/3 on input line 399.
Package textcomp Info: Setting hlct sub-encoding to TS1/5 on input line 400.
Package textcomp Info: Setting hlx sub-encoding to TS1/5 on input line 401.
Package textcomp Info: Setting hlce sub-encoding to TS1/5 on input line 402.
Package textcomp Info: Setting hlcn sub-encoding to TS1/5 on input line 403.
Package textcomp Info: Setting hlcw sub-encoding to TS1/5 on input line 404.
Package textcomp Info: Setting hlcf sub-encoding to TS1/5 on input line 405.
Package textcomp Info: Setting pplx sub-encoding to TS1/3 on input line 406.
Package textcomp Info: Setting pplj sub-encoding to TS1/3 on input line 407.
Package textcomp Info: Setting ptmx sub-encoding to TS1/4 on input line 408.
Package textcomp Info: Setting ptmj sub-encoding to TS1/4 on input line 409.
)
(/usr/share/texlive/texmf-dist/tex/latex/wasysym/wasysym.sty
Package: wasysym 2003/10/30 v2.0 Wasy-2 symbol support package
\symwasy=\mathgroup4
LaTeX Font Info:    Overwriting symbol font `wasy' in version `bold'
(Font)                  U/wasy/m/n --> U/wasy/b/n on input line 90.
)
(/usr/share/texlive/texmf-dist/tex/latex/base/fontenc.sty
Package: fontenc 2005/09/27 v1.99g Standard LaTeX package

(/usr/share/texlive/texmf-dist/tex/latex/base/t1enc.def
File: t1enc.def 2005/09/27 v1.99g Standard LaTeX file
LaTeX Font Info:    Redeclaring font encoding T1 on input line 48.
))
(/usr/share/texlive/texmf-dist/tex/latex/psnfss/helvet.sty
Package: helvet 2005/04/12 PSNFSS-v9.2a (WaS) 
)
(/usr/share/texlive/texmf-dist/tex/latex/psnfss/courier.sty
Package: courier 2005/04/12 PSNFSS-v9.2a (WaS) 
)
(/usr/share/texlive/texmf-dist/tex/latex/amsfonts/amssymb.sty
Package: amssymb 2013/01/14 v3.01 AMS font symbols

(/usr/share/texlive/texmf-dist/tex/latex/amsfonts/amsfonts.sty
Package: amsfonts 2013/01/14 v3.01 Basic AMSFonts support
\@emptytoks=\toks25
\symAMSa=\mathgroup5
\symAMSb=\mathgroup6
LaTeX Font Info:    Overwriting math alphabet `\mathfrak' in version `bold'
(Font)                  U/euf/m/n --> U/euf/b/n on input line 106.
))

! LaTeX Error: File `sectsty.sty' not found.

Type X to quit or <RETURN> to proceed,
or enter new name. (Default extension: sty)

Enter file name: 
! Undefined control sequence.
l.25 \allsectionsfont
                     {%
? 

LaTeX Font Warning: Font shape `T1/cmr/bc/n' undefined
(Font)              using `T1/cmr/m/n' instead on input line 26.

(/usr/share/texlive/texmf-dist/tex/latex/geometry/geometry.sty
Package: geometry 2010/09/12 v5.6 Page Geometry

(/usr/share/texlive/texmf-dist/tex/generic/oberdiek/ifpdf.sty
Package: ifpdf 2011/01/30 v2.3 Provides the ifpdf switch (HO)
Package ifpdf Info: pdfTeX in PDF mode is detected.
)
(/usr/share/texlive/texmf-dist/tex/generic/oberdiek/ifvtex.sty
Package: ifvtex 2010/03/01 v1.5 Detect VTeX and its facilities (HO)
Package ifvtex Info: VTeX not detected.
)
(/usr/share/texlive/texmf-dist/tex/generic/ifxetex/ifxetex.sty
Package: ifxetex 2010/09/12 v0.6 Provides ifxetex conditional
)
\Gm@cnth=\count109
\Gm@cntv=\count110
\c@Gm@tempcnt=\count111
\Gm@bindingoffset=\dimen124
\Gm@wd@mp=\dimen125
\Gm@odd@mp=\dimen126
\Gm@even@mp=\dimen127
\Gm@layoutwidth=\dimen128
\Gm@layoutheight=\dimen129
\Gm@layouthoffset=\dimen130
\Gm@layoutvoffset=\dimen131
\Gm@dimlist=\toks26
)
(/usr/share/texlive/texmf-dist/tex/latex/fancyhdr/fancyhdr.sty
\fancy@headwidth=\skip56
\f@ncyO@elh=\skip57
\f@ncyO@erh=\skip58
\f@ncyO@olh=\skip59
\f@ncyO@orh=\skip60
\f@ncyO@elf=\skip61
\f@ncyO@erf=\skip62
\f@ncyO@olf=\skip63
\f@ncyO@orf=\skip64
)
(/usr/share/texlive/texmf-dist/tex/latex/natbib/natbib.sty
Package: natbib 2010/09/13 8.31b (PWD, AO)
\bibhang=\skip65
\bibsep=\skip66
LaTeX Info: Redefining \cite on input line 694.
\c@NAT@ctr=\count112
)

! LaTeX Error: File `tocloft.sty' not found.

Type X to quit or <RETURN> to proceed,
or enter new name. (Default extension: sty)

Enter file name: 

! LaTeX Error: Unknown option `titles' for package `tocloft'.

See the LaTeX manual or LaTeX Companion for explanation.
Type  H <return>  for immediate help.
 ...                                              
                                                  
l.89 \setcounter
                {tocdepth}{3}
? 
\@indexfile=\write3
\openout3 = `refman.idx'.

Writing index file refman.idx
(/usr/share/texlive/texmf-dist/tex/latex/hyperref/hyperref.sty
Package: hyperref 2012/11/06 v6.83m Hypertext links for LaTeX

(/usr/share/texlive/texmf-dist/tex/generic/oberdiek/hobsub-hyperref.sty
Package: hobsub-hyperref 2012/05/28 v1.13 Bundle oberdiek, subset hyperref (HO)


(/usr/share/texlive/texmf-dist/tex/generic/oberdiek/hobsub-generic.sty
Package: hobsub-generic 2012/05/28 v1.13 Bundle oberdiek, subset generic (HO)
Package: hobsub 2012/05/28 v1.13 Construct package bundles (HO)
Package hobsub Info: Skipping package `infwarerr' (already loaded).
Package hobsub Info: Skipping package `ltxcmds' (already loaded).
Package: ifluatex 2010/03/01 v1.3 Provides the ifluatex switch (HO)
Package ifluatex Info: LuaTeX not detected.
Package hobsub Info: Skipping package `ifvtex' (already loaded).
Package: intcalc 2007/09/27 v1.1 Expandable calculations with integers (HO)
Package hobsub Info: Skipping package `ifpdf' (already loaded).
Package: etexcmds 2011/02/16 v1.5 Avoid name clashes with e-TeX commands (HO)
Package etexcmds Info: Could not find \expanded.
(etexcmds)             That can mean that you are not using pdfTeX 1.50 or
(etexcmds)             that some package has redefined \expanded.
(etexcmds)             In the latter case, load this package earlier.
Package: kvsetkeys 2012/04/25 v1.16 Key value parser (HO)
Package: kvdefinekeys 2011/04/07 v1.3 Define keys (HO)
Package: pdftexcmds 2011/11/29 v0.20 Utility functions of pdfTeX for LuaTeX (HO
)
Package pdftexcmds Info: LuaTeX not detected.
Package pdftexcmds Info: \pdf@primitive is available.
Package pdftexcmds Info: \pdf@ifprimitive is available.
Package pdftexcmds Info: \pdfdraftmode found.
Package: pdfescape 2011/11/25 v1.13 Implements pdfTeX's escape features (HO)
Package: bigintcalc 2012/04/08 v1.3 Expandable calculations on big integers (HO
)
Package: bitset 2011/01/30 v1.1 Handle bit-vector datatype (HO)
Package: uniquecounter 2011/01/30 v1.2 Provide unlimited unique counter (HO)
)
Package hobsub Info: Skipping package `hobsub' (already loaded).
Package: letltxmacro 2010/09/02 v1.4 Let assignment for LaTeX macros (HO)
Package: hopatch 2012/05/28 v1.2 Wrapper for package hooks (HO)
Package: xcolor-patch 2011/01/30 xcolor patch
Package: atveryend 2011/06/30 v1.8 Hooks at the very end of document (HO)
Package atveryend Info: \enddocument detected (standard20110627).
Package: atbegshi 2011/10/05 v1.16 At begin shipout hook (HO)
Package: refcount 2011/10/16 v3.4 Data extraction from label references (HO)
Package: hycolor 2011/01/30 v1.7 Color options for hyperref/bookmark (HO)
)
(/usr/share/texlive/texmf-dist/tex/latex/oberdiek/auxhook.sty
Package: auxhook 2011/03/04 v1.3 Hooks for auxiliary files (HO)
)
(/usr/share/texlive/texmf-dist/tex/latex/oberdiek/kvoptions.sty
Package: kvoptions 2011/06/30 v3.11 Key value format for package options (HO)
)
\@linkdim=\dimen132
\Hy@linkcounter=\count113
\Hy@pagecounter=\count114

(/usr/share/texlive/texmf-dist/tex/latex/hyperref/pd1enc.def
File: pd1enc.def 2012/11/06 v6.83m Hyperref: PDFDocEncoding definition (HO)
Now handling font encoding PD1 ...
... no UTF-8 mapping file for font encoding PD1
)
\Hy@SavedSpaceFactor=\count115

(/usr/share/texlive/texmf-dist/tex/latex/latexconfig/hyperref.cfg
File: hyperref.cfg 2002/06/06 v1.2 hyperref configuration of TeXLive
)
Package hyperref Info: Hyper figures OFF on input line 4443.
Package hyperref Info: Link nesting OFF on input line 4448.
Package hyperref Info: Hyper index ON on input line 4451.
Package hyperref Info: Plain pages OFF on input line 4458.
Package hyperref Info: Backreferencing ON on input line 4461.
Package hyperref Info: Implicit mode ON; LaTeX internals redefined.
Package hyperref Info: Bookmarks ON on input line 4688.

(/usr/share/texlive/texmf-dist/tex/latex/hyperref/backref.sty
Package: backref 2012/07/25 v1.38 Bibliographical back referencing

(/usr/share/texlive/texmf-dist/tex/latex/oberdiek/rerunfilecheck.sty
Package: rerunfilecheck 2011/04/15 v1.7 Rerun checks for auxiliary files (HO)
Package uniquecounter Info: New unique counter `rerunfilecheck' on input line 2
82.
))
\c@Hy@tempcnt=\count116

(/usr/share/texlive/texmf-dist/tex/latex/url/url.sty
\Urlmuskip=\muskip10
Package: url 2013/09/16  ver 3.4  Verb mode for urls, etc.
)
LaTeX Info: Redefining \url on input line 5041.
\XeTeXLinkMargin=\dimen133
\Fld@menulength=\count117
\Field@Width=\dimen134
\Fld@charsize=\dimen135
Package hyperref Info: Hyper figures OFF on input line 6295.
Package hyperref Info: Link nesting OFF on input line 6300.
Package hyperref Info: Hyper index ON on input line 6303.
Package hyperref Info: backreferencing ON on input line 6308.
Package hyperref Info: Link coloring OFF on input line 6315.
Package hyperref Info: Link coloring with OCG OFF on input line 6320.
Package hyperref Info: PDF/A mode OFF on input line 6325.
LaTeX Info: Redefining \ref on input line 6365.
LaTeX Info: Redefining \pageref on input line 6369.
\Hy@abspage=\count118
\c@Item=\count119
\c@Hfootnote=\count120
)

Package hyperref Message: Driver: hpdftex.

(/usr/share/texlive/texmf-dist/tex/latex/hyperref/hpdftex.def
File: hpdftex.def 2012/11/06 v6.83m Hyperref driver for pdfTeX
\Fld@listcount=\count121
\c@bookmark@seq@number=\count122
\Hy@SectionHShift=\skip67
)
Package hyperref Info: Option `colorlinks' set `true' on input line 105.
Package hyperref Info: Option `unicode' set `true' on input line 105.

(/usr/share/texlive/texmf-dist/tex/latex/hyperref/puenc.def
File: puenc.def 2012/11/06 v6.83m Hyperref: PDF Unicode definition (HO)
Now handling font encoding PU ...
... no UTF-8 mapping file for font encoding PU
)
(/usr/share/texlive/texmf-dist/tex/latex/caption/caption.sty
Package: caption 2016/02/21 v3.3-144 Customizing captions (AR)

(/usr/share/texlive/texmf-dist/tex/latex/caption/caption3.sty
Package: caption3 2016/02/04 v1.7-139 caption3 kernel (AR)
Package caption3 Info: TeX engine: e-TeX on input line 67.
\captionmargin=\dimen136
\captionmargin@=\dimen137
\captionwidth=\dimen138
\caption@tempdima=\dimen139
\caption@indent=\dimen140
\caption@parindent=\dimen141
\caption@hangindent=\dimen142
)
\c@ContinuedFloat=\count123
Package caption Info: float package is loaded.
Package caption Info: hyperref package is loaded.
Package caption Info: longtable package is loaded.

(/usr/share/texlive/texmf-dist/tex/latex/caption/ltcaption.sty
Package: ltcaption 2013/06/09 v1.4-94 longtable captions (AR)
))
No file refman.aux.
\openout1 = `refman.aux'.

LaTeX Font Info:    Checking defaults for OML/cmm/m/it on input line 117.
LaTeX Font Info:    ... okay on input line 117.
LaTeX Font Info:    Checking defaults for T1/cmr/m/n on input line 117.
LaTeX Font Info:    ... okay on input line 117.
LaTeX Font Info:    Checking defaults for OT1/cmr/m/n on input line 117.
LaTeX Font Info:    ... okay on input line 117.
LaTeX Font Info:    Checking defaults for OMS/cmsy/m/n on input line 117.
LaTeX Font Info:    ... okay on input line 117.
LaTeX Font Info:    Checking defaults for OMX/cmex/m/n on input line 117.
LaTeX Font Info:    ... okay on input line 117.
LaTeX Font Info:    Checking defaults for U/cmr/m/n on input line 117.
LaTeX Font Info:    ... okay on input line 117.
LaTeX Font Info:    Checking defaults for TS1/cmr/m/n on input line 117.
LaTeX Font Info:    Try loading font information for TS1+cmr on input line 117.

(/usr/share/texlive/texmf-dist/tex/latex/base/ts1cmr.fd
File: ts1cmr.fd 2014/09/29 v2.5h Standard LaTeX font definitions
)
LaTeX Font Info:    ... okay on input line 117.
LaTeX Font Info:    Checking defaults for PD1/pdf/m/n on input line 117.
LaTeX Font Info:    ... okay on input line 117.
LaTeX Font Info:    Checking defaults for PU/pdf/m/n on input line 117.
LaTeX Font Info:    ... okay on input line 117.
LaTeX Font Info:    Try loading font information for T1+phv on input line 117.

(/usr/share/texlive/texmf-dist/tex/latex/psnfss/t1phv.fd
File: t1phv.fd 2001/06/04 scalable font definitions for T1/phv.
)
LaTeX Font Info:    Font shape `T1/phv/m/n' will be
(Font)              scaled to size 8.99994pt on input line 117.

(/usr/share/texlive/texmf-dist/tex/context/base/supp-pdf.mkii
[Loading MPS to PDF converter (version 2006.09.02).]
\scratchcounter=\count124
\scratchdimen=\dimen143
\scratchbox=\box59
\nofMPsegments=\count125
\nofMParguments=\count126
\everyMPshowfont=\toks27
\MPscratchCnt=\count127
\MPscratchDim=\dimen144
\MPnumerator=\count128
\makeMPintoPDFobject=\count129
\everyMPtoPDFconversion=\toks28
) (/usr/share/texlive/texmf-dist/tex/latex/oberdiek/epstopdf-base.sty
Package: epstopdf-base 2010/02/09 v2.5 Base part for package epstopdf

(/usr/share/texlive/texmf-dist/tex/latex/oberdiek/grfext.sty
Package: grfext 2010/08/19 v1.1 Manage graphics extensions (HO)
)
Package grfext Info: Graphics extension search list:
(grfext)             [.png,.pdf,.jpg,.mps,.jpeg,.jbig2,.jb2,.PNG,.PDF,.JPG,.JPE
G,.JBIG2,.JB2,.eps]
(grfext)             \AppendGraphicsExtensions on input line 452.

(/usr/share/texlive/texmf-dist/tex/latex/latexconfig/epstopdf-sys.cfg
File: epstopdf-sys.cfg 2010/07/13 v1.3 Configuration of (r)epstopdf for TeX Liv
e
))
*geometry* driver: auto-detecting
*geometry* detected driver: pdftex
*geometry* verbose mode - [ preamble ] result:
* driver: pdftex
* paper: a4paper
* layout: <same size as paper>
* layoutoffset:(h,v)=(0.0pt,0.0pt)
* modes: twoside 
* h-part:(L,W,R)=(71.13188pt, 455.24411pt, 71.13188pt)
* v-part:(T,H,B)=(71.13188pt, 702.78308pt, 71.13188pt)
* \paperwidth=597.50787pt
* \paperheight=845.04684pt
* \textwidth=455.24411pt
* \textheight=702.78308pt
* \oddsidemargin=-1.1381pt
* \evensidemargin=-1.1381pt
* \topmargin=-31.2056pt
* \headheight=12.0pt
* \headsep=18.06749pt
* \topskip=10.0pt
* \footskip=25.29494pt
* \marginparwidth=125.0pt
* \marginparsep=7.0pt
* \columnsep=10.0pt
* \skip\footins=9.0pt plus 4.0pt minus 2.0pt
* \hoffset=0.0pt
* \voffset=0.0pt
* \mag=1000
* \@twocolumnfalse
* \@twosidetrue
* \@mparswitchtrue
* \@reversemarginfalse
* (1in=72.27pt=25.4mm, 1cm=28.453pt)

\AtBeginShipoutBox=\box60
Package backref Info: ** backref set up for natbib ** on input line 117.
Package hyperref Info: Link coloring ON on input line 117.
(/usr/share/texlive/texmf-dist/tex/latex/hyperref/nameref.sty
Package: nameref 2012/10/27 v2.43 Cross-referencing by name of section

(/usr/share/texlive/texmf-dist/tex/generic/oberdiek/gettitlestring.sty
Package: gettitlestring 2010/12/03 v1.4 Cleanup title references (HO)
)
\c@section@level=\count130
)
LaTeX Info: Redefining \ref on input line 117.
LaTeX Info: Redefining \pageref on input line 117.
LaTeX Info: Redefining \nameref on input line 117.
\@outlinefile=\write4
\openout4 = `refman.out'.

Package caption Info: Begin \AtBeginDocument code.
Package caption Info: End \AtBeginDocument code.
Package hyperref Info: Option `pageanchor' set `false' on input line 123.
Package hyperref Info: Option `bookmarksnumbered' set `true' on input line 123.

Package hyperref Info: Option `unicode' set `true' on input line 123.
LaTeX Font Info:    Font shape `T1/phv/m/n' will be
(Font)              scaled to size 12.9599pt on input line 128.
LaTeX Font Info:    Font shape `T1/phv/m/n' will be
(Font)              scaled to size 10.79993pt on input line 128.
LaTeX Font Info:    Font shape `T1/phv/m/n' will be
(Font)              scaled to size 6.29996pt on input line 128.
LaTeX Font Info:    Try loading font information for U+wasy on input line 128.

(/usr/share/texlive/texmf-dist/tex/latex/wasysym/uwasy.fd
File: uwasy.fd 2003/10/30 v2.0 Wasy-2 symbol font definitions
)
LaTeX Font Info:    Try loading font information for U+msa on input line 128.

(/usr/share/texlive/texmf-dist/tex/latex/amsfonts/umsa.fd
File: umsa.fd 2013/01/14 v3.01 AMS symbols A
)
LaTeX Font Info:    Try loading font information for U+msb on input line 128.

(/usr/share/texlive/texmf-dist/tex/latex/amsfonts/umsb.fd
File: umsb.fd 2013/01/14 v3.01 AMS symbols B
) [1


{/var/lib/texmf/fonts/map/pdftex/updmap/pdftex.map}] [2

]
LaTeX Font Info:    Font shape `T1/phv/m/n' will be
(Font)              scaled to size 22.39185pt on input line 134.
LaTeX Font Info:    Font shape `T1/phv/bx/n' in size <24.88> not available
(Font)              Font shape `T1/phv/b/n' tried instead on input line 134.
LaTeX Font Info:    Font shape `T1/phv/b/n' will be
(Font)              scaled to size 22.39185pt on input line 134.
\tf@toc=\write5
\openout5 = `refman.toc'.

 [3

] [4

]
Package hyperref Info: Option `pageanchor' set `true' on input line 137.

Chapter 1.
LaTeX Font Info:    Font shape `T1/phv/m/n' will be
(Font)              scaled to size 18.66588pt on input line 140.
LaTeX Font Info:    Font shape `T1/phv/bx/n' in size <20.74> not available
(Font)              Font shape `T1/phv/b/n' tried instead on input line 140.
LaTeX Font Info:    Font shape `T1/phv/b/n' will be
(Font)              scaled to size 18.66588pt on input line 140.
LaTeX Font Info:    Font shape `T1/phv/bx/n' in size <7> not available
(Font)              Font shape `T1/phv/b/n' tried instead on input line 140.
LaTeX Font Info:    Font shape `T1/phv/b/n' will be
(Font)              scaled to size 6.29996pt on input line 140.
(./index.tex
LaTeX Font Info:    Try loading font information for T1+pcr on input line 1.
 (/usr/share/texlive/texmf-dist/tex/latex/psnfss/t1pcr.fd
File: t1pcr.fd 2001/06/04 font definitions for T1/pcr.
))
[1

]
LaTeX Font Info:    Font shape `T1/phv/bx/n' in size <10> not available
(Font)              Font shape `T1/phv/b/n' tried instead on input line 142.
LaTeX Font Info:    Font shape `T1/phv/b/n' will be
(Font)              scaled to size 8.99994pt on input line 142.
 [2

]
Chapter 2.
(./hierarchy.tex
LaTeX Font Info:    Font shape `T1/phv/bx/n' in size <14.4> not available
(Font)              Font shape `T1/phv/b/n' tried instead on input line 1.
LaTeX Font Info:    Font shape `T1/phv/b/n' will be
(Font)              scaled to size 12.9599pt on input line 1.


LaTeX Warning: Reference `classApiError' on page 3 undefined on input line 3.


LaTeX Warning: Reference `classClientSharedServer' on page 3 undefined on input
 line 4.


LaTeX Warning: Reference `classDatabaseManager' on page 3 undefined on input li
ne 5.


LaTeX Warning: Reference `classDB' on page 3 undefined on input line 6.


LaTeX Warning: Reference `classAccountsDB' on page 3 undefined on input line 8.



LaTeX Warning: Reference `classChatsDB' on page 3 undefined on input line 9.


LaTeX Warning: Reference `classImagesDB' on page 3 undefined on input line 10.


LaTeX Warning: Reference `classSessionsDB' on page 3 undefined on input line 11
.


LaTeX Warning: Reference `classUsersDB' on page 3 undefined on input line 12.


LaTeX Warning: Reference `classInvalidUsernamePasswordException' on page 3 unde
fined on input line 15.


LaTeX Warning: Reference `classKeyAlreadyExistsException' on page 3 undefined o
n input line 16.


LaTeX Warning: Reference `classKeyDoesntExistException' on page 3 undefined on 
input line 17.


LaTeX Warning: Reference `classTokenInvalidException' on page 3 undefined on in
put line 18.


LaTeX Warning: Reference `classChatController' on page 3 undefined on input lin
e 21.


LaTeX Warning: Reference `classProfileController' on page 3 undefined on input 
line 22.


LaTeX Warning: Reference `classSharedServerController' on page 3 undefined on i
nput line 23.


LaTeX Warning: Reference `classNotificationSender' on page 3 undefined on input
 line 25.


LaTeX Warning: Reference `classJobifyServer' on page 3 undefined on input line 
27.


LaTeX Warning: Reference `classSessionManager' on page 3 undefined on input lin
e 29.

) [3] [4

]
Chapter 3.
(./annotated.tex

LaTeX Warning: Reference `dd/deb/classAccountsDB' on page 5 undefined on input 
line 3.


LaTeX Warning: Reference `db/d32/classApiError' on page 5 undefined on input li
ne 4.


LaTeX Warning: Reference `d8/ddc/classChatController' on page 5 undefined on in
put line 5.


LaTeX Warning: Reference `db/dcd/classChatsDB' on page 5 undefined on input lin
e 6.


LaTeX Warning: Reference `d0/d48/classClientSharedServer' on page 5 undefined o
n input line 7.


LaTeX Warning: Reference `d1/d61/classDatabaseManager' on page 5 undefined on i
nput line 8.


LaTeX Warning: Reference `df/d70/classDB' on page 5 undefined on input line 9.


LaTeX Warning: Reference `d9/d31/classImagesDB' on page 5 undefined on input li
ne 10.


LaTeX Warning: Reference `db/dbe/classInvalidUsernamePasswordException' on page
 5 undefined on input line 11.


LaTeX Warning: Reference `df/d59/classJobifyServer' on page 5 undefined on inpu
t line 12.


LaTeX Warning: Reference `d4/d52/classKeyAlreadyExistsException' on page 5 unde
fined on input line 13.


LaTeX Warning: Reference `d0/d5b/classKeyDoesntExistException' on page 5 undefi
ned on input line 14.


LaTeX Warning: Reference `dd/d45/classNotificationSender' on page 5 undefined o
n input line 15.


LaTeX Warning: Reference `dc/de5/classProfileController' on page 5 undefined on
 input line 16.


LaTeX Warning: Reference `d4/d5b/classSessionManager' on page 5 undefined on in
put line 17.


LaTeX Warning: Reference `da/dc3/classSessionsDB' on page 5 undefined on input 
line 18.


LaTeX Warning: Reference `d3/d26/classSharedServerController' on page 5 undefin
ed on input line 19.


LaTeX Warning: Reference `d4/d49/classTokenInvalidException' on page 5 undefine
d on input line 20.


LaTeX Warning: Reference `da/d1b/classUsersDB' on page 5 undefined on input lin
e 21.

) [5] [6

]
Chapter 4.
(./dd/deb/classAccountsDB.tex
<db/dd3/classAccountsDB__inherit__graph.pdf, id=94, 173.64874pt x 343.2825pt>
File: db/dd3/classAccountsDB__inherit__graph.pdf Graphic file (type pdf)

<use db/dd3/classAccountsDB__inherit__graph.pdf>
Package pdftex.def Info: db/dd3/classAccountsDB__inherit__graph.pdf used on inp
ut line 9.
(pdftex.def)             Requested size: 173.0pt x 342.01402pt.

<db/d5f/classAccountsDB__coll__graph.pdf, id=95, 176.66pt x 438.63875pt>
File: db/d5f/classAccountsDB__coll__graph.pdf Graphic file (type pdf)

<use db/d5f/classAccountsDB__coll__graph.pdf>
Package pdftex.def Info: db/d5f/classAccountsDB__coll__graph.pdf used on input 
line 18.
(pdftex.def)             Requested size: 176.0pt x 437.00455pt.
 [7 <./db/dd3/classAccountsDB__inherit__graph.pdf>]
LaTeX Font Info:    Font shape `T1/phv/bx/n' in size <12> not available
(Font)              Font shape `T1/phv/b/n' tried instead on input line 21.
LaTeX Font Info:    Font shape `T1/phv/b/n' will be
(Font)              scaled to size 10.79993pt on input line 21.
LaTeX Font Info:    Try loading font information for TS1+phv on input line 24.
 (/usr/share/texlive/texmf-dist/tex/latex/psnfss/ts1phv.fd
File: ts1phv.fd 2001/06/04 scalable font definitions for TS1/phv.
)
LaTeX Font Info:    Font shape `TS1/phv/m/n' will be
(Font)              scaled to size 8.99994pt on input line 24.
)
(./db/d32/classApiError.tex
<db/d7a/classApiError__coll__graph.pdf, id=111, 146.5475pt x 138.5175pt>
File: db/d7a/classApiError__coll__graph.pdf Graphic file (type pdf)

<use db/d7a/classApiError__coll__graph.pdf>
Package pdftex.def Info: db/d7a/classApiError__coll__graph.pdf used on input li
ne 9.
(pdftex.def)             Requested size: 146.0pt x 137.99931pt.
 [8 <./db/d5f/classAccountsDB__coll__graph.pdf>]) (./d8/ddc/classChatController
.tex
<da/d87/classChatController__inherit__graph.pdf, id=128, 232.87pt x 288.07625pt
>
File: da/d87/classChatController__inherit__graph.pdf Graphic file (type pdf)
 <use da/d87/classChatController__inherit__graph.pdf>
Package pdftex.def Info: da/d87/classChatController__inherit__graph.pdf used on
 input line 9.
(pdftex.def)             Requested size: 232.0pt x 287.01176pt.

<d9/da9/classChatController__coll__graph.pdf, id=129, 232.87pt x 288.07625pt>
File: d9/da9/classChatController__coll__graph.pdf Graphic file (type pdf)

<use d9/da9/classChatController__coll__graph.pdf>
Package pdftex.def Info: d9/da9/classChatController__coll__graph.pdf used on in
put line 18.
(pdftex.def)             Requested size: 232.0pt x 287.01176pt.
 [9 <./db/d7a/classApiError__coll__graph.pdf> <./da/d87/classChatController__in
herit__graph.pdf

pdfTeX warning: pdflatex (file ./da/d87/classChatController__inherit__graph.pdf
): PDF inclusion: multiple pdfs with page group included in a single page
>]
Underfull \hbox (badness 883) in paragraph at lines 24--25
[]\T1/phv/b/n/10 Chat[]Controller \T1/phv/m/n/10 ([][]Database[]Manager[][] $\O
MS/cmsy/m/n/10 ^^C$\T1/phv/m/n/10 p[]Manager, [][]Session[]Manager[][] $\OMS/cm
sy/m/n/10 ^^C$\T1/phv/m/n/10 p[]Session[]Manager, std[]::string fire[]
 []

) (./db/dcd/classChatsDB.tex
<d1/db9/classChatsDB__inherit__graph.pdf, id=156, 186.6975pt x 387.4475pt>
File: d1/db9/classChatsDB__inherit__graph.pdf Graphic file (type pdf)

<use d1/db9/classChatsDB__inherit__graph.pdf>
Package pdftex.def Info: d1/db9/classChatsDB__inherit__graph.pdf used on input 
line 9.
(pdftex.def)             Requested size: 186.0pt x 386.01584pt.

Underfull \vbox (badness 1917) has occurred while \output is active []

 [10 <./d9/da9/classChatController__coll__graph.pdf>]
<db/db2/classChatsDB__coll__graph.pdf, id=177, 186.6975pt x 482.80376pt>
File: db/db2/classChatsDB__coll__graph.pdf Graphic file (type pdf)

<use db/db2/classChatsDB__coll__graph.pdf>
Package pdftex.def Info: db/db2/classChatsDB__coll__graph.pdf used on input lin
e 18.
(pdftex.def)             Requested size: 186.0pt x 481.01976pt.

Underfull \vbox (badness 10000) has occurred while \output is active []

 [11 <./d1/db9/classChatsDB__inherit__graph.pdf>] [12 <./db/db2/classChatsDB__c
oll__graph.pdf>]) (./d0/d48/classClientSharedServer.tex
<d9/dd4/classClientSharedServer__coll__graph.pdf, id=210, 213.79875pt x 182.682
5pt>
File: d9/dd4/classClientSharedServer__coll__graph.pdf Graphic file (type pdf)
 <use d9/dd4/classClientSharedServer__coll__graph.pdf>
Package pdftex.def Info: d9/dd4/classClientSharedServer__coll__graph.pdf used o
n input line 9.
(pdftex.def)             Requested size: 213.0pt x 181.99908pt.
)
(./d1/d61/classDatabaseManager.tex
<db/d36/classDatabaseManager__coll__graph.pdf, id=211, 202.7575pt x 248.93pt>
File: db/d36/classDatabaseManager__coll__graph.pdf Graphic file (type pdf)

<use db/d36/classDatabaseManager__coll__graph.pdf>
Package pdftex.def Info: db/d36/classDatabaseManager__coll__graph.pdf used on i
nput line 9.
(pdftex.def)             Requested size: 202.0pt x 248.00638pt.
 [13 <./d9/dd4/classClientSharedServer__coll__graph.pdf>] [14 <./db/d36/classDa
tabaseManager__coll__graph.pdf>]) (./df/d70/classDB.tex
<d3/dc0/classDB__inherit__graph.pdf, id=269, 665.48625pt x 420.57124pt>
File: d3/dc0/classDB__inherit__graph.pdf Graphic file (type pdf)

<use d3/dc0/classDB__inherit__graph.pdf>
Package pdftex.def Info: d3/dc0/classDB__inherit__graph.pdf used on input line 
9.
(pdftex.def)             Requested size: 350.0pt x 221.19467pt.

<d7/d82/classDB__coll__graph.pdf, id=270, 168.63pt x 310.15875pt>
File: d7/d82/classDB__coll__graph.pdf Graphic file (type pdf)

<use d7/d82/classDB__coll__graph.pdf>
Package pdftex.def Info: d7/d82/classDB__coll__graph.pdf used on input line 18.

(pdftex.def)             Requested size: 168.0pt x 309.00795pt.

Underfull \vbox (badness 10000) has occurred while \output is active []

 [15 <./d3/dc0/classDB__inherit__graph.pdf>]) (./d9/d31/classImagesDB.tex
<d6/df9/classImagesDB__inherit__graph.pdf, id=288, 172.645pt x 365.365pt>
File: d6/df9/classImagesDB__inherit__graph.pdf Graphic file (type pdf)

<use d6/df9/classImagesDB__inherit__graph.pdf>
Package pdftex.def Info: d6/df9/classImagesDB__inherit__graph.pdf used on input
 line 9.
(pdftex.def)             Requested size: 172.0pt x 364.0038pt.
 [16 <./d7/d82/classDB__coll__graph.pdf>]
<d6/d3f/classImagesDB__coll__graph.pdf, id=311, 175.65625pt x 460.72125pt>
File: d6/d3f/classImagesDB__coll__graph.pdf Graphic file (type pdf)

<use d6/d3f/classImagesDB__coll__graph.pdf>
Package pdftex.def Info: d6/d3f/classImagesDB__coll__graph.pdf used on input li
ne 18.
(pdftex.def)             Requested size: 175.0pt x 459.03291pt.

Underfull \vbox (badness 10000) has occurred while \output is active []

 [17 <./d6/df9/classImagesDB__inherit__graph.pdf>])
(./db/dbe/classInvalidUsernamePasswordException.tex
<d3/d9f/classInvalidUsernamePasswordException__inherit__graph.pdf, id=324, 257.
96375pt x 232.87pt>
File: d3/d9f/classInvalidUsernamePasswordException__inherit__graph.pdf Graphic 
file (type pdf)

<use d3/d9f/classInvalidUsernamePasswordException__inherit__graph.pdf>
Package pdftex.def Info: d3/d9f/classInvalidUsernamePasswordException__inherit_
_graph.pdf used on input line 9.
(pdftex.def)             Requested size: 257.0pt x 232.02017pt.
 [18 <./d6/d3f/classImagesDB__coll__graph.pdf>]
<d3/dcd/classInvalidUsernamePasswordException__coll__graph.pdf, id=343, 257.963
75pt x 232.87pt>
File: d3/dcd/classInvalidUsernamePasswordException__coll__graph.pdf Graphic fil
e (type pdf)

<use d3/dcd/classInvalidUsernamePasswordException__coll__graph.pdf>
Package pdftex.def Info: d3/dcd/classInvalidUsernamePasswordException__coll__gr
aph.pdf used on input line 18.
(pdftex.def)             Requested size: 257.0pt x 232.02017pt.
)
(./df/d59/classJobifyServer.tex
<d0/d59/classJobifyServer__inherit__graph.pdf, id=344, 176.66pt x 243.91125pt>
File: d0/d59/classJobifyServer__inherit__graph.pdf Graphic file (type pdf)

<use d0/d59/classJobifyServer__inherit__graph.pdf>
Package pdftex.def Info: d0/d59/classJobifyServer__inherit__graph.pdf used on i
nput line 9.
(pdftex.def)             Requested size: 176.0pt x 243.00252pt.
 [19 <./d3/d9f/classInvalidUsernamePasswordException__inherit__graph.pdf> <./d3
/dcd/classInvalidUsernamePasswordException__coll__graph.pdf

pdfTeX warning: pdflatex (file ./d3/dcd/classInvalidUsernamePasswordException__
coll__graph.pdf): PDF inclusion: multiple pdfs with page group included in a si
ngle page
>] <df/d79/classJobifyServer__coll__graph.pdf, id=363, 176.66pt x 243.91125pt>
File: df/d79/classJobifyServer__coll__graph.pdf Graphic file (type pdf)

<use df/d79/classJobifyServer__coll__graph.pdf>
Package pdftex.def Info: df/d79/classJobifyServer__coll__graph.pdf used on inpu
t line 18.
(pdftex.def)             Requested size: 176.0pt x 243.00252pt.
)
(./d4/d52/classKeyAlreadyExistsException.tex
<df/dbb/classKeyAlreadyExistsException__inherit__graph.pdf, id=364, 218.8175pt 
x 232.87pt>
File: df/dbb/classKeyAlreadyExistsException__inherit__graph.pdf Graphic file (t
ype pdf)
 <use df/dbb/classKeyAlreadyExistsException__inherit__graph.pdf>
Package pdftex.def Info: df/dbb/classKeyAlreadyExistsException__inherit__graph.
pdf used on input line 9.
(pdftex.def)             Requested size: 218.0pt x 232.0024pt.

[20 <./d0/d59/classJobifyServer__inherit__graph.pdf> <./df/d79/classJobifyServe
r__coll__graph.pdf

pdfTeX warning: pdflatex (file ./df/d79/classJobifyServer__coll__graph.pdf): PD
F inclusion: multiple pdfs with page group included in a single page
>]
<dc/d5c/classKeyAlreadyExistsException__coll__graph.pdf, id=386, 218.8175pt x 2
32.87pt>
File: dc/d5c/classKeyAlreadyExistsException__coll__graph.pdf Graphic file (type
 pdf)
 <use dc/d5c/classKeyAlreadyExistsException__coll__graph.pdf>
Package pdftex.def Info: dc/d5c/classKeyAlreadyExistsException__coll__graph.pdf
 used on input line 18.
(pdftex.def)             Requested size: 218.0pt x 232.0024pt.
)
(./d0/d5b/classKeyDoesntExistException.tex
<db/db4/classKeyDoesntExistException__inherit__graph.pdf, id=387, 211.79124pt x
 232.87pt>
File: db/db4/classKeyDoesntExistException__inherit__graph.pdf Graphic file (typ
e pdf)
 <use db/db4/classKeyDoesntExistException__inherit__graph.pdf>
Package pdftex.def Info: db/db4/classKeyDoesntExistException__inherit__graph.pd
f used on input line 9.
(pdftex.def)             Requested size: 211.0pt x 232.0095pt.

[21 <./df/dbb/classKeyAlreadyExistsException__inherit__graph.pdf> <./dc/d5c/cla
ssKeyAlreadyExistsException__coll__graph.pdf

pdfTeX warning: pdflatex (file ./dc/d5c/classKeyAlreadyExistsException__coll__g
raph.pdf): PDF inclusion: multiple pdfs with page group included in a single pa
ge
>]
<d8/de7/classKeyDoesntExistException__coll__graph.pdf, id=407, 211.79124pt x 23
2.87pt>
File: d8/de7/classKeyDoesntExistException__coll__graph.pdf Graphic file (type p
df)
 <use d8/de7/classKeyDoesntExistException__coll__graph.pdf>
Package pdftex.def Info: d8/de7/classKeyDoesntExistException__coll__graph.pdf u
sed on input line 18.
(pdftex.def)             Requested size: 211.0pt x 232.0095pt.
)
(./dd/d45/classNotificationSender.tex
<d5/d07/classNotificationSender__coll__graph.pdf, id=408, 198.7425pt x 171.6412
5pt>
File: d5/d07/classNotificationSender__coll__graph.pdf Graphic file (type pdf)
 <use d5/d07/classNotificationSender__coll__graph.pdf>
Package pdftex.def Info: d5/d07/classNotificationSender__coll__graph.pdf used o
n input line 9.
(pdftex.def)             Requested size: 198.0pt x 171.00438pt.
 [22 <./db/db4/classKeyDoesntExistException__inherit__graph.pdf> <./d8/de7/clas
sKeyDoesntExistException__coll__graph.pdf

pdfTeX warning: pdflatex (file ./d8/de7/classKeyDoesntExistException__coll__gra
ph.pdf): PDF inclusion: multiple pdfs with page group included in a single page

>]) (./dc/de5/classProfileController.tex
<da/de3/classProfileController__inherit__graph.pdf, id=427, 211.79124pt x 343.2
825pt>
File: da/de3/classProfileController__inherit__graph.pdf Graphic file (type pdf)

 <use da/de3/classProfileController__inherit__graph.pdf>
Package pdftex.def Info: da/de3/classProfileController__inherit__graph.pdf used
 on input line 9.
(pdftex.def)             Requested size: 211.0pt x 342.01402pt.

Underfull \vbox (badness 10000) has occurred while \output is active []

 [23 <./d5/d07/classNotificationSender__coll__graph.pdf>]
<d5/dff/classProfileController__coll__graph.pdf, id=444, 211.79124pt x 343.2825
pt>
File: d5/dff/classProfileController__coll__graph.pdf Graphic file (type pdf)
 <use d5/dff/classProfileController__coll__graph.pdf>
Package pdftex.def Info: d5/dff/classProfileController__coll__graph.pdf used on
 input line 18.
(pdftex.def)             Requested size: 211.0pt x 342.01402pt.

Underfull \vbox (badness 10000) has occurred while \output is active []

 [24 <./da/de3/classProfileController__inherit__graph.pdf>])
(./d4/d5b/classSessionManager.tex
<dc/d3b/classSessionManager__coll__graph.pdf, id=459, 194.7275pt x 204.765pt>
File: dc/d3b/classSessionManager__coll__graph.pdf Graphic file (type pdf)

<use dc/d3b/classSessionManager__coll__graph.pdf>
Package pdftex.def Info: dc/d3b/classSessionManager__coll__graph.pdf used on in
put line 9.
(pdftex.def)             Requested size: 194.0pt x 204.00835pt.
 [25 <./d5/dff/classProfileController__coll__graph.pdf>]) (./da/dc3/classSessio
nsDB.tex
<d3/d76/classSessionsDB__inherit__graph.pdf, id=491, 177.66376pt x 354.32375pt>
File: d3/d76/classSessionsDB__inherit__graph.pdf Graphic file (type pdf)
<use d3/d76/classSessionsDB__inherit__graph.pdf>
Package pdftex.def Info: d3/d76/classSessionsDB__inherit__graph.pdf used on inp
ut line 9.
(pdftex.def)             Requested size: 177.0pt x 353.00908pt.

Underfull \vbox (badness 3199) has occurred while \output is active []

 [26 <./dc/d3b/classSessionManager__coll__graph.pdf>]
<d7/d85/classSessionsDB__coll__graph.pdf, id=512, 178.6675pt x 449.68pt>
File: d7/d85/classSessionsDB__coll__graph.pdf Graphic file (type pdf)

<use d7/d85/classSessionsDB__coll__graph.pdf>
Package pdftex.def Info: d7/d85/classSessionsDB__coll__graph.pdf used on input 
line 18.
(pdftex.def)             Requested size: 178.0pt x 448.02525pt.

Underfull \vbox (badness 10000) has occurred while \output is active []

 [27 <./d3/d76/classSessionsDB__inherit__graph.pdf>])
(./d3/d26/classSharedServerController.tex
<d4/d6f/classSharedServerController__inherit__graph.pdf, id=526, 213.79875pt x 
277.035pt>
File: d4/d6f/classSharedServerController__inherit__graph.pdf Graphic file (type
 pdf)
 <use d4/d6f/classSharedServerController__inherit__graph.pdf>
Package pdftex.def Info: d4/d6f/classSharedServerController__inherit__graph.pdf
 used on input line 9.
(pdftex.def)             Requested size: 213.0pt x 275.99864pt.

[28 <./d7/d85/classSessionsDB__coll__graph.pdf>]
<d5/dc7/classSharedServerController__coll__graph.pdf, id=544, 213.79875pt x 277
.035pt>
File: d5/dc7/classSharedServerController__coll__graph.pdf Graphic file (type pd
f)
 <use d5/dc7/classSharedServerController__coll__graph.pdf>
Package pdftex.def Info: d5/dc7/classSharedServerController__coll__graph.pdf us
ed on input line 18.
(pdftex.def)             Requested size: 213.0pt x 275.99864pt.
 [29 <./d4/d6f/classSharedServerController__inherit__graph.pdf> <./d5/dc7/class
SharedServerController__coll__graph.pdf

pdfTeX warning: pdflatex (file ./d5/dc7/classSharedServerController__coll__grap
h.pdf): PDF inclusion: multiple pdfs with page group included in a single page
>]) (./d4/d49/classTokenInvalidException.tex
<d8/d76/classTokenInvalidException__inherit__graph.pdf, id=565, 196.735pt x 232
.87pt>
File: d8/d76/classTokenInvalidException__inherit__graph.pdf Graphic file (type 
pdf)
 <use d8/d76/classTokenInvalidException__inherit__graph.pdf>
Package pdftex.def Info: d8/d76/classTokenInvalidException__inherit__graph.pdf 
used on input line 9.
(pdftex.def)             Requested size: 196.0pt x 231.99884pt.

<d0/df9/classTokenInvalidException__coll__graph.pdf, id=566, 196.735pt x 232.87
pt>
File: d0/df9/classTokenInvalidException__coll__graph.pdf Graphic file (type pdf
)
 <use d0/df9/classTokenInvalidException__coll__graph.pdf>
Package pdftex.def Info: d0/df9/classTokenInvalidException__coll__graph.pdf use
d on input line 18.
(pdftex.def)             Requested size: 196.0pt x 231.99884pt.

Underfull \vbox (badness 2608) has occurred while \output is active []

 [30 <./d8/d76/classTokenInvalidException__inherit__graph.pdf>]) (./da/d1b/clas
sUsersDB.tex <df/d2a/classUsersDB__inherit__graph.pdf, id=585, 202.7575pt x 420
.57124pt>
File: df/d2a/classUsersDB__inherit__graph.pdf Graphic file (type pdf)

<use df/d2a/classUsersDB__inherit__graph.pdf>
Package pdftex.def Info: df/d2a/classUsersDB__inherit__graph.pdf used on input 
line 9.
(pdftex.def)             Requested size: 202.0pt x 419.01079pt.

Underfull \vbox (badness 10000) has occurred while \output is active []

 [31 <./d0/df9/classTokenInvalidException__coll__graph.pdf>]
<d9/d9e/classUsersDB__coll__graph.pdf, id=597, 202.7575pt x 515.9275pt>
File: d9/d9e/classUsersDB__coll__graph.pdf Graphic file (type pdf)

<use d9/d9e/classUsersDB__coll__graph.pdf>
Package pdftex.def Info: d9/d9e/classUsersDB__coll__graph.pdf used on input lin
e 18.
(pdftex.def)             Requested size: 202.0pt x 514.01323pt.

Underfull \vbox (badness 10000) has occurred while \output is active []

 [32 <./df/d2a/classUsersDB__inherit__graph.pdf>] [33 <./d9/d9e/classUsersDB__c
oll__graph.pdf>]) [34]
No file refman.ind.
Package atveryend Info: Empty hook `BeforeClearDocument' on input line 176.
Package atveryend Info: Empty hook `AfterLastShipout' on input line 176.
(./refman.aux)
Package atveryend Info: Executing hook `AtVeryEndDocument' on input line 176.
Package atveryend Info: Executing hook `AtEndAfterFileList' on input line 176.


Package rerunfilecheck Warning: File `refman.out' has changed.
(rerunfilecheck)                Rerun to get outlines right
(rerunfilecheck)                or use package `bookmark'.

Package rerunfilecheck Info: Checksums for `refman.out':
(rerunfilecheck)             Before: <no file>
(rerunfilecheck)             After:  B39FCDF75277DF789884B0C38A4866A3;5429.

LaTeX Font Warning: Some font shapes were not available, defaults substituted.


LaTeX Warning: There were undefined references.


LaTeX Warning: Label(s) may have changed. Rerun to get cross-references right.

Package atveryend Info: Empty hook `AtVeryVeryEnd' on input line 176.
 ) 
Here is how much of TeX's memory you used:
 13665 strings out of 494850
 206727 string characters out of 6178023
 267965 words of memory out of 5000000
 16401 multiletter control sequences out of 15000+600000
 38257 words of font info for 51 fonts, out of 8000000 for 9000
 62 hyphenation exceptions out of 8191
 48i,15n,43p,572b,420s stack positions out of 5000i,500n,10000p,200000b,80000s
{/usr/share/texlive/texmf-dist/fonts/enc/dvips/base/8r.enc}</usr/share/texliv
e/texmf-dist/fonts/type1/public/amsfonts/cm/cmmi7.pfb></usr/share/texlive/texmf
-dist/fonts/type1/public/amsfonts/cm/cmsy10.pfb></usr/share/texlive/texmf-dist/
fonts/type1/public/amsfonts/cm/cmsy7.pfb></usr/share/texlive/texmf-dist/fonts/t
ype1/urw/courier/ucrr8a.pfb></usr/share/texlive/texmf-dist/fonts/type1/urw/helv
etic/uhvb8a.pfb></usr/share/texlive/texmf-dist/fonts/type1/urw/helvetic/uhvr8a.
pfb>
Output written on refman.pdf (38 pages, 176955 bytes).
PDF statistics:
 730 PDF objects out of 1000 (max. 8388607)
 611 compressed objects within 7 object streams
 258 named destinations out of 1000 (max. 500000)
 166 words of extra memory for PDF output out of 10000 (max. 10000000)

